# JRE version: OpenJDK Runtime Environment Temurin-17.0.13+11 (17.0.13+11) (build 17.0.13+11)
# Java VM: OpenJDK 64-Bit Server VM Temurin-17.0.13+11 (17.0.13+11, mixed mode, tiered, compressed oops, compressed class ptrs, g1 gc, windows-amd64)
GC Precious Log:
 CPUs: 8 total, 8 available
 Memory: 8050M
 Large Page Support: Disabled
 NUMA Support: Disabled
 Compressed Oops: Enabled (Zero based)
 Heap Region Size: 2M
 Heap Min Capacity: 8M
 Heap Initial Capacity: 126M
 Heap Max Capacity: 4G
 Pre-touch: Disabled
 Parallel Workers: 8
 Concurrent Workers: 2
 Concurrent Refinement Workers: 8
 Periodic GC: Disabled
Heap:
 garbage-first heap   total 534528K, used 384444K [0x0000000700000000, 0x0000000800000000)
  region size 2048K, 4 young (8192K), 4 survivors (8192K)
 Metaspace       used 231175K, committed 233088K, reserved 1310720K
  class space    used 29947K, committed 30784K, reserved 1048576K
GC Heap History (20 events):
Event: 733.339 GC heap after
{Heap after GC invocations=118 (full 0):
 garbage-first heap   total 534528K, used 342784K [0x0000000700000000, 0x0000000800000000)
  region size 2048K, 6 young (12288K), 6 survivors (12288K)
 Metaspace       used 207835K, committed 209472K, reserved 1245184K
  class space    used 26636K, committed 27392K, reserved 1048576K
}
Event: 844.032 GC heap before
{Heap before GC invocations=118 (full 0):
 garbage-first heap   total 534528K, used 445184K [0x0000000700000000, 0x0000000800000000)
  region size 2048K, 56 young (114688K), 6 survivors (12288K)
 Metaspace       used 211258K, committed 212992K, reserved 1245184K
  class space    used 27073K, committed 27840K, reserved 1048576K
}
Event: 844.802 GC heap after
{Heap after GC invocations=119 (full 0):
 garbage-first heap   total 534528K, used 355408K [0x0000000700000000, 0x0000000800000000)
  region size 2048K, 7 young (14336K), 7 survivors (14336K)
 Metaspace       used 211258K, committed 212992K, reserved 1245184K
  class space    used 27073K, committed 27840K, reserved 1048576K
}
Event: 859.950 GC heap before
{Heap before GC invocations=119 (full 0):
 garbage-first heap   total 534528K, used 375888K [0x0000000700000000, 0x0000000800000000)
  region size 2048K, 17 young (34816K), 7 survivors (14336K)
 Metaspace       used 211329K, committed 213120K, reserved 1245184K
  class space    used 27082K, committed 27904K, reserved 1048576K
}
Event: 860.677 GC heap after
{Heap after GC invocations=120 (full 0):
 garbage-first heap   total 534528K, used 359121K [0x0000000700000000, 0x0000000800000000)
  region size 2048K, 2 young (4096K), 2 survivors (4096K)
 Metaspace       used 211329K, committed 213120K, reserved 1245184K
  class space    used 27082K, committed 27904K, reserved 1048576K
}
Event: 888.860 GC heap before
{Heap before GC invocations=120 (full 0):
 garbage-first heap   total 534528K, used 385745K [0x0000000700000000, 0x0000000800000000)
  region size 2048K, 15 young (30720K), 2 survivors (4096K)
 Metaspace       used 211382K, committed 213184K, reserved 1245184K
  class space    used 27084K, committed 27904K, reserved 1048576K
}
Event: 888.889 GC heap after
{Heap after GC invocations=121 (full 0):
 garbage-first heap   total 534528K, used 361044K [0x0000000700000000, 0x0000000800000000)
  region size 2048K, 2 young (4096K), 2 survivors (4096K)
 Metaspace       used 211382K, committed 213184K, reserved 1245184K
  class space    used 27084K, committed 27904K, reserved 1048576K
}
Event: 894.194 GC heap before
{Heap before GC invocations=121 (full 0):
 garbage-first heap   total 534528K, used 399956K [0x0000000700000000, 0x0000000800000000)
  region size 2048K, 22 young (45056K), 2 survivors (4096K)
 Metaspace       used 211537K, committed 213312K, reserved 1245184K
  class space    used 27111K, committed 27904K, reserved 1048576K
}
Event: 894.219 GC heap after
{Heap after GC invocations=122 (full 0):
 garbage-first heap   total 534528K, used 362719K [0x0000000700000000, 0x0000000800000000)
  region size 2048K, 2 young (4096K), 2 survivors (4096K)
 Metaspace       used 211537K, committed 213312K, reserved 1245184K
  class space    used 27111K, committed 27904K, reserved 1048576K
}
Event: 899.348 GC heap before
{Heap before GC invocations=122 (full 0):
 garbage-first heap   total 534528K, used 430303K [0x0000000700000000, 0x0000000800000000)
  region size 2048K, 36 young (73728K), 2 survivors (4096K)
 Metaspace       used 218403K, committed 220224K, reserved 1245184K
  class space    used 27945K, committed 28736K, reserved 1048576K
}
Event: 899.634 GC heap after
{Heap after GC invocations=123 (full 0):
 garbage-first heap   total 534528K, used 367466K [0x0000000700000000, 0x0000000800000000)
  region size 2048K, 5 young (10240K), 5 survivors (10240K)
 Metaspace       used 218403K, committed 220224K, reserved 1245184K
  class space    used 27945K, committed 28736K, reserved 1048576K
}
Event: 909.140 GC heap before
{Heap before GC invocations=123 (full 0):
 garbage-first heap   total 534528K, used 387946K [0x0000000700000000, 0x0000000800000000)
  region size 2048K, 15 young (30720K), 5 survivors (10240K)
 Metaspace       used 220879K, committed 222720K, reserved 1245184K
  class space    used 28282K, committed 29120K, reserved 1048576K
}
Event: 909.593 GC heap after
{Heap after GC invocations=124 (full 0):
 garbage-first heap   total 534528K, used 369242K [0x0000000700000000, 0x0000000800000000)
  region size 2048K, 2 young (4096K), 2 survivors (4096K)
 Metaspace       used 220879K, committed 222720K, reserved 1245184K
  class space    used 28282K, committed 29120K, reserved 1048576K
}
Event: 914.023 GC heap before
{Heap before GC invocations=124 (full 0):
 garbage-first heap   total 534528K, used 399962K [0x0000000700000000, 0x0000000800000000)
  region size 2048K, 18 young (36864K), 2 survivors (4096K)
 Metaspace       used 221710K, committed 223552K, reserved 1245184K
  class space    used 28393K, committed 29248K, reserved 1048576K
}
Event: 914.032 GC heap after
{Heap after GC invocations=125 (full 0):
 garbage-first heap   total 534528K, used 371842K [0x0000000700000000, 0x0000000800000000)
  region size 2048K, 3 young (6144K), 3 survivors (6144K)
 Metaspace       used 221710K, committed 223552K, reserved 1245184K
  class space    used 28393K, committed 29248K, reserved 1048576K
}
Event: 915.543 GC heap before
{Heap before GC invocations=125 (full 0):
 garbage-first heap   total 534528K, used 400514K [0x0000000700000000, 0x0000000800000000)
  region size 2048K, 18 young (36864K), 3 survivors (6144K)
 Metaspace       used 221775K, committed 223616K, reserved 1245184K
  class space    used 28404K, committed 29248K, reserved 1048576K
}
Event: 915.572 GC heap after
{Heap after GC invocations=126 (full 0):
 garbage-first heap   total 534528K, used 371862K [0x0000000700000000, 0x0000000800000000)
  region size 2048K, 1 young (2048K), 1 survivors (2048K)
 Metaspace       used 221775K, committed 223616K, reserved 1245184K
  class space    used 28404K, committed 29248K, reserved 1048576K
}
Event: 930.384 GC heap before
{Heap before GC invocations=126 (full 0):
 garbage-first heap   total 534528K, used 461974K [0x0000000700000000, 0x0000000800000000)
  region size 2048K, 45 young (92160K), 1 survivors (2048K)
 Metaspace       used 229424K, committed 231296K, reserved 1310720K
  class space    used 29648K, committed 30464K, reserved 1048576K
}
Event: 930.693 GC heap after
{Heap after GC invocations=127 (full 0):
 garbage-first heap   total 534528K, used 377555K [0x0000000700000000, 0x0000000800000000)
  region size 2048K, 4 young (8192K), 4 survivors (8192K)
 Metaspace       used 229424K, committed 231296K, reserved 1310720K
  class space    used 29648K, committed 30464K, reserved 1048576K
}
Event: 937.113 GC heap before
{Heap before GC invocations=127 (full 0):
 garbage-first heap   total 534528K, used 432851K [0x0000000700000000, 0x0000000800000000)
  region size 2048K, 32 young (65536K), 4 survivors (8192K)
 Metaspace       used 231175K, committed 233088K, reserved 1310720K
  class space    used 29947K, committed 30784K, reserved 1048576K
}

